<?xml version="1.0" encoding="UTF-8"?>
<testsuite xmlns:xsi="http://www.w3.org/2001/XMLSchema-instance" xsi:noNamespaceSchemaLocation="https://maven.apache.org/surefire/maven-surefire-plugin/xsd/surefire-test-report-3.0.xsd" version="3.0" name="TestSuite" time="11.109" tests="3" errors="0" skipped="0" failures="3">
  <properties>
    <property name="sun.desktop" value="gnome"/>
    <property name="awt.toolkit" value="sun.awt.X11.XToolkit"/>
    <property name="java.specification.version" value="11"/>
    <property name="sun.cpu.isalist" value=""/>
    <property name="sun.jnu.encoding" value="UTF-8"/>
    <property name="java.class.path" value="/home/ywaghmare/att_loadtesting_ui_workingcodelocal 1 2/att_loadtesting_ui_workingcodelocal/att_loadtesting_ui_2/target/test-classes:/home/ywaghmare/att_loadtesting_ui_workingcodelocal 1 2/att_loadtesting_ui_workingcodelocal/att_loadtesting_ui_2/target/classes:/home/ywaghmare/.m2/repository/org/testng/testng/7.9.0/testng-7.9.0.jar:/home/ywaghmare/.m2/repository/com/beust/jcommander/1.82/jcommander-1.82.jar:/home/ywaghmare/.m2/repository/org/webjars/jquery/3.7.1/jquery-3.7.1.jar:/home/ywaghmare/.m2/repository/org/slf4j/slf4j-api/2.0.12/slf4j-api-2.0.12.jar:/home/ywaghmare/.m2/repository/org/slf4j/slf4j-simple/2.0.12/slf4j-simple-2.0.12.jar:/home/ywaghmare/.m2/repository/org/postgresql/postgresql/42.6.0/postgresql-42.6.0.jar:/home/ywaghmare/.m2/repository/org/checkerframework/checker-qual/3.31.0/checker-qual-3.31.0.jar:/home/ywaghmare/.m2/repository/org/seleniumhq/selenium/selenium-java/4.16.1/selenium-java-4.16.1.jar:/home/ywaghmare/.m2/repository/org/seleniumhq/selenium/selenium-devtools-v118/4.16.1/selenium-devtools-v118-4.16.1.jar:/home/ywaghmare/.m2/repository/org/seleniumhq/selenium/selenium-devtools-v119/4.16.1/selenium-devtools-v119-4.16.1.jar:/home/ywaghmare/.m2/repository/org/seleniumhq/selenium/selenium-devtools-v120/4.16.1/selenium-devtools-v120-4.16.1.jar:/home/ywaghmare/.m2/repository/org/seleniumhq/selenium/selenium-devtools-v85/4.16.1/selenium-devtools-v85-4.16.1.jar:/home/ywaghmare/.m2/repository/org/seleniumhq/selenium/selenium-firefox-driver/4.16.1/selenium-firefox-driver-4.16.1.jar:/home/ywaghmare/.m2/repository/org/seleniumhq/selenium/selenium-http/4.16.1/selenium-http-4.16.1.jar:/home/ywaghmare/.m2/repository/dev/failsafe/failsafe/3.3.2/failsafe-3.3.2.jar:/home/ywaghmare/.m2/repository/org/seleniumhq/selenium/selenium-ie-driver/4.16.1/selenium-ie-driver-4.16.1.jar:/home/ywaghmare/.m2/repository/org/seleniumhq/selenium/selenium-remote-driver/4.16.1/selenium-remote-driver-4.16.1.jar:/home/ywaghmare/.m2/repository/com/google/guava/guava/32.1.2-jre/guava-32.1.2-jre.jar:/home/ywaghmare/.m2/repository/com/google/guava/failureaccess/1.0.1/failureaccess-1.0.1.jar:/home/ywaghmare/.m2/repository/com/google/guava/listenablefuture/9999.0-empty-to-avoid-conflict-with-guava/listenablefuture-9999.0-empty-to-avoid-conflict-with-guava.jar:/home/ywaghmare/.m2/repository/com/google/code/findbugs/jsr305/3.0.2/jsr305-3.0.2.jar:/home/ywaghmare/.m2/repository/com/google/errorprone/error_prone_annotations/2.18.0/error_prone_annotations-2.18.0.jar:/home/ywaghmare/.m2/repository/com/google/j2objc/j2objc-annotations/2.8/j2objc-annotations-2.8.jar:/home/ywaghmare/.m2/repository/io/opentelemetry/opentelemetry-api/1.28.0/opentelemetry-api-1.28.0.jar:/home/ywaghmare/.m2/repository/io/opentelemetry/opentelemetry-context/1.28.0/opentelemetry-context-1.28.0.jar:/home/ywaghmare/.m2/repository/io/opentelemetry/opentelemetry-exporter-logging/1.28.0/opentelemetry-exporter-logging-1.28.0.jar:/home/ywaghmare/.m2/repository/io/opentelemetry/opentelemetry-sdk-metrics/1.28.0/opentelemetry-sdk-metrics-1.28.0.jar:/home/ywaghmare/.m2/repository/io/opentelemetry/opentelemetry-extension-incubator/1.28.0-alpha/opentelemetry-extension-incubator-1.28.0-alpha.jar:/home/ywaghmare/.m2/repository/io/opentelemetry/opentelemetry-sdk-logs/1.28.0/opentelemetry-sdk-logs-1.28.0.jar:/home/ywaghmare/.m2/repository/io/opentelemetry/opentelemetry-sdk-common/1.28.0/opentelemetry-sdk-common-1.28.0.jar:/home/ywaghmare/.m2/repository/io/opentelemetry/opentelemetry-sdk-extension-autoconfigure-spi/1.28.0/opentelemetry-sdk-extension-autoconfigure-spi-1.28.0.jar:/home/ywaghmare/.m2/repository/io/opentelemetry/opentelemetry-sdk-extension-autoconfigure/1.28.0/opentelemetry-sdk-extension-autoconfigure-1.28.0.jar:/home/ywaghmare/.m2/repository/io/opentelemetry/opentelemetry-api-events/1.28.0-alpha/opentelemetry-api-events-1.28.0-alpha.jar:/home/ywaghmare/.m2/repository/io/opentelemetry/opentelemetry-sdk-trace/1.28.0/opentelemetry-sdk-trace-1.28.0.jar:/home/ywaghmare/.m2/repository/io/opentelemetry/opentelemetry-sdk/1.28.0/opentelemetry-sdk-1.28.0.jar:/home/ywaghmare/.m2/repository/io/opentelemetry/opentelemetry-semconv/1.28.0-alpha/opentelemetry-semconv-1.28.0-alpha.jar:/home/ywaghmare/.m2/repository/net/bytebuddy/byte-buddy/1.14.5/byte-buddy-1.14.5.jar:/home/ywaghmare/.m2/repository/org/seleniumhq/selenium/selenium-os/4.16.1/selenium-os-4.16.1.jar:/home/ywaghmare/.m2/repository/org/apache/commons/commons-exec/1.3/commons-exec-1.3.jar:/home/ywaghmare/.m2/repository/org/seleniumhq/selenium/selenium-safari-driver/4.16.1/selenium-safari-driver-4.16.1.jar:/home/ywaghmare/.m2/repository/org/seleniumhq/selenium/selenium-support/4.16.1/selenium-support-4.16.1.jar:/home/ywaghmare/.m2/repository/io/github/bonigarcia/webdrivermanager/5.5.3/webdrivermanager-5.5.3.jar:/home/ywaghmare/.m2/repository/com/google/code/gson/gson/2.10.1/gson-2.10.1.jar:/home/ywaghmare/.m2/repository/com/github/docker-java/docker-java/3.3.3/docker-java-3.3.3.jar:/home/ywaghmare/.m2/repository/com/github/docker-java/docker-java-core/3.3.3/docker-java-core-3.3.3.jar:/home/ywaghmare/.m2/repository/com/github/docker-java/docker-java-api/3.3.3/docker-java-api-3.3.3.jar:/home/ywaghmare/.m2/repository/com/fasterxml/jackson/core/jackson-annotations/2.10.3/jackson-annotations-2.10.3.jar:/home/ywaghmare/.m2/repository/commons-io/commons-io/2.6/commons-io-2.6.jar:/home/ywaghmare/.m2/repository/org/apache/commons/commons-compress/1.21/commons-compress-1.21.jar:/home/ywaghmare/.m2/repository/com/fasterxml/jackson/core/jackson-databind/2.10.3/jackson-databind-2.10.3.jar:/home/ywaghmare/.m2/repository/com/fasterxml/jackson/core/jackson-core/2.10.3/jackson-core-2.10.3.jar:/home/ywaghmare/.m2/repository/org/bouncycastle/bcpkix-jdk18on/1.75/bcpkix-jdk18on-1.75.jar:/home/ywaghmare/.m2/repository/org/bouncycastle/bcprov-jdk18on/1.75/bcprov-jdk18on-1.75.jar:/home/ywaghmare/.m2/repository/org/bouncycastle/bcutil-jdk18on/1.75/bcutil-jdk18on-1.75.jar:/home/ywaghmare/.m2/repository/org/slf4j/jcl-over-slf4j/1.7.30/jcl-over-slf4j-1.7.30.jar:/home/ywaghmare/.m2/repository/com/github/docker-java/docker-java-transport-httpclient5/3.3.3/docker-java-transport-httpclient5-3.3.3.jar:/home/ywaghmare/.m2/repository/com/github/docker-java/docker-java-transport/3.3.3/docker-java-transport-3.3.3.jar:/home/ywaghmare/.m2/repository/net/java/dev/jna/jna/5.12.1/jna-5.12.1.jar:/home/ywaghmare/.m2/repository/org/brotli/dec/0.1.2/dec-0.1.2.jar:/home/ywaghmare/.m2/repository/org/apache/commons/commons-lang3/3.13.0/commons-lang3-3.13.0.jar:/home/ywaghmare/.m2/repository/org/apache/httpcomponents/client5/httpclient5/5.2.1/httpclient5-5.2.1.jar:/home/ywaghmare/.m2/repository/org/apache/httpcomponents/core5/httpcore5/5.2/httpcore5-5.2.jar:/home/ywaghmare/.m2/repository/org/apache/httpcomponents/core5/httpcore5-h2/5.2/httpcore5-h2-5.2.jar:/home/ywaghmare/.m2/repository/com/aventstack/extentreports/5.1.1/extentreports-5.1.1.jar:/home/ywaghmare/.m2/repository/io/reactivex/rxjava3/rxjava/3.1.6/rxjava-3.1.6.jar:/home/ywaghmare/.m2/repository/org/reactivestreams/reactive-streams/1.0.4/reactive-streams-1.0.4.jar:/home/ywaghmare/.m2/repository/org/freemarker/freemarker/2.3.32/freemarker-2.3.32.jar:/home/ywaghmare/.m2/repository/org/projectlombok/lombok/1.18.26/lombok-1.18.26.jar:/home/ywaghmare/.m2/repository/org/seleniumhq/selenium/selenium-edge-driver/4.16.1/selenium-edge-driver-4.16.1.jar:/home/ywaghmare/.m2/repository/com/google/auto/service/auto-service-annotations/1.1.1/auto-service-annotations-1.1.1.jar:/home/ywaghmare/.m2/repository/org/seleniumhq/selenium/selenium-chromium-driver/4.16.1/selenium-chromium-driver-4.16.1.jar:/home/ywaghmare/.m2/repository/org/seleniumhq/selenium/selenium-manager/4.16.1/selenium-manager-4.16.1.jar:/home/ywaghmare/.m2/repository/org/seleniumhq/selenium/selenium-chrome-driver/4.16.1/selenium-chrome-driver-4.16.1.jar:/home/ywaghmare/.m2/repository/org/seleniumhq/selenium/selenium-json/4.16.1/selenium-json-4.16.1.jar:/home/ywaghmare/.m2/repository/org/seleniumhq/selenium/selenium-api/4.16.1/selenium-api-4.16.1.jar:"/>
    <property name="java.vm.vendor" value="Ubuntu"/>
    <property name="sun.arch.data.model" value="64"/>
    <property name="java.vendor.url" value="https://ubuntu.com/"/>
    <property name="user.timezone" value="Asia/Kolkata"/>
    <property name="java.vm.specification.version" value="11"/>
    <property name="os.name" value="Linux"/>
    <property name="sun.java.launcher" value="SUN_STANDARD"/>
    <property name="user.country" value="IN"/>
    <property name="sun.boot.library.path" value="/usr/lib/jvm/java-11-openjdk-amd64/lib"/>
    <property name="sun.java.command" value="/home/ywaghmare/att_loadtesting_ui_workingcodelocal 1 2/att_loadtesting_ui_workingcodelocal/att_loadtesting_ui_2/target/surefire/surefirebooter17125209803015200675.jar /home/ywaghmare/att_loadtesting_ui_workingcodelocal 1 2/att_loadtesting_ui_workingcodelocal/att_loadtesting_ui_2/target/surefire 2024-04-16T14-10-29_604-jvmRun1 surefire15640870828243036166tmp surefire_01868724380563036369tmp"/>
    <property name="jdk.debug" value="release"/>
    <property name="surefire.test.class.path" value="/home/ywaghmare/att_loadtesting_ui_workingcodelocal 1 2/att_loadtesting_ui_workingcodelocal/att_loadtesting_ui_2/target/test-classes:/home/ywaghmare/att_loadtesting_ui_workingcodelocal 1 2/att_loadtesting_ui_workingcodelocal/att_loadtesting_ui_2/target/classes:/home/ywaghmare/.m2/repository/org/testng/testng/7.9.0/testng-7.9.0.jar:/home/ywaghmare/.m2/repository/com/beust/jcommander/1.82/jcommander-1.82.jar:/home/ywaghmare/.m2/repository/org/webjars/jquery/3.7.1/jquery-3.7.1.jar:/home/ywaghmare/.m2/repository/org/slf4j/slf4j-api/2.0.12/slf4j-api-2.0.12.jar:/home/ywaghmare/.m2/repository/org/slf4j/slf4j-simple/2.0.12/slf4j-simple-2.0.12.jar:/home/ywaghmare/.m2/repository/org/postgresql/postgresql/42.6.0/postgresql-42.6.0.jar:/home/ywaghmare/.m2/repository/org/checkerframework/checker-qual/3.31.0/checker-qual-3.31.0.jar:/home/ywaghmare/.m2/repository/org/seleniumhq/selenium/selenium-java/4.16.1/selenium-java-4.16.1.jar:/home/ywaghmare/.m2/repository/org/seleniumhq/selenium/selenium-devtools-v118/4.16.1/selenium-devtools-v118-4.16.1.jar:/home/ywaghmare/.m2/repository/org/seleniumhq/selenium/selenium-devtools-v119/4.16.1/selenium-devtools-v119-4.16.1.jar:/home/ywaghmare/.m2/repository/org/seleniumhq/selenium/selenium-devtools-v120/4.16.1/selenium-devtools-v120-4.16.1.jar:/home/ywaghmare/.m2/repository/org/seleniumhq/selenium/selenium-devtools-v85/4.16.1/selenium-devtools-v85-4.16.1.jar:/home/ywaghmare/.m2/repository/org/seleniumhq/selenium/selenium-firefox-driver/4.16.1/selenium-firefox-driver-4.16.1.jar:/home/ywaghmare/.m2/repository/org/seleniumhq/selenium/selenium-http/4.16.1/selenium-http-4.16.1.jar:/home/ywaghmare/.m2/repository/dev/failsafe/failsafe/3.3.2/failsafe-3.3.2.jar:/home/ywaghmare/.m2/repository/org/seleniumhq/selenium/selenium-ie-driver/4.16.1/selenium-ie-driver-4.16.1.jar:/home/ywaghmare/.m2/repository/org/seleniumhq/selenium/selenium-remote-driver/4.16.1/selenium-remote-driver-4.16.1.jar:/home/ywaghmare/.m2/repository/com/google/guava/guava/32.1.2-jre/guava-32.1.2-jre.jar:/home/ywaghmare/.m2/repository/com/google/guava/failureaccess/1.0.1/failureaccess-1.0.1.jar:/home/ywaghmare/.m2/repository/com/google/guava/listenablefuture/9999.0-empty-to-avoid-conflict-with-guava/listenablefuture-9999.0-empty-to-avoid-conflict-with-guava.jar:/home/ywaghmare/.m2/repository/com/google/code/findbugs/jsr305/3.0.2/jsr305-3.0.2.jar:/home/ywaghmare/.m2/repository/com/google/errorprone/error_prone_annotations/2.18.0/error_prone_annotations-2.18.0.jar:/home/ywaghmare/.m2/repository/com/google/j2objc/j2objc-annotations/2.8/j2objc-annotations-2.8.jar:/home/ywaghmare/.m2/repository/io/opentelemetry/opentelemetry-api/1.28.0/opentelemetry-api-1.28.0.jar:/home/ywaghmare/.m2/repository/io/opentelemetry/opentelemetry-context/1.28.0/opentelemetry-context-1.28.0.jar:/home/ywaghmare/.m2/repository/io/opentelemetry/opentelemetry-exporter-logging/1.28.0/opentelemetry-exporter-logging-1.28.0.jar:/home/ywaghmare/.m2/repository/io/opentelemetry/opentelemetry-sdk-metrics/1.28.0/opentelemetry-sdk-metrics-1.28.0.jar:/home/ywaghmare/.m2/repository/io/opentelemetry/opentelemetry-extension-incubator/1.28.0-alpha/opentelemetry-extension-incubator-1.28.0-alpha.jar:/home/ywaghmare/.m2/repository/io/opentelemetry/opentelemetry-sdk-logs/1.28.0/opentelemetry-sdk-logs-1.28.0.jar:/home/ywaghmare/.m2/repository/io/opentelemetry/opentelemetry-sdk-common/1.28.0/opentelemetry-sdk-common-1.28.0.jar:/home/ywaghmare/.m2/repository/io/opentelemetry/opentelemetry-sdk-extension-autoconfigure-spi/1.28.0/opentelemetry-sdk-extension-autoconfigure-spi-1.28.0.jar:/home/ywaghmare/.m2/repository/io/opentelemetry/opentelemetry-sdk-extension-autoconfigure/1.28.0/opentelemetry-sdk-extension-autoconfigure-1.28.0.jar:/home/ywaghmare/.m2/repository/io/opentelemetry/opentelemetry-api-events/1.28.0-alpha/opentelemetry-api-events-1.28.0-alpha.jar:/home/ywaghmare/.m2/repository/io/opentelemetry/opentelemetry-sdk-trace/1.28.0/opentelemetry-sdk-trace-1.28.0.jar:/home/ywaghmare/.m2/repository/io/opentelemetry/opentelemetry-sdk/1.28.0/opentelemetry-sdk-1.28.0.jar:/home/ywaghmare/.m2/repository/io/opentelemetry/opentelemetry-semconv/1.28.0-alpha/opentelemetry-semconv-1.28.0-alpha.jar:/home/ywaghmare/.m2/repository/net/bytebuddy/byte-buddy/1.14.5/byte-buddy-1.14.5.jar:/home/ywaghmare/.m2/repository/org/seleniumhq/selenium/selenium-os/4.16.1/selenium-os-4.16.1.jar:/home/ywaghmare/.m2/repository/org/apache/commons/commons-exec/1.3/commons-exec-1.3.jar:/home/ywaghmare/.m2/repository/org/seleniumhq/selenium/selenium-safari-driver/4.16.1/selenium-safari-driver-4.16.1.jar:/home/ywaghmare/.m2/repository/org/seleniumhq/selenium/selenium-support/4.16.1/selenium-support-4.16.1.jar:/home/ywaghmare/.m2/repository/io/github/bonigarcia/webdrivermanager/5.5.3/webdrivermanager-5.5.3.jar:/home/ywaghmare/.m2/repository/com/google/code/gson/gson/2.10.1/gson-2.10.1.jar:/home/ywaghmare/.m2/repository/com/github/docker-java/docker-java/3.3.3/docker-java-3.3.3.jar:/home/ywaghmare/.m2/repository/com/github/docker-java/docker-java-core/3.3.3/docker-java-core-3.3.3.jar:/home/ywaghmare/.m2/repository/com/github/docker-java/docker-java-api/3.3.3/docker-java-api-3.3.3.jar:/home/ywaghmare/.m2/repository/com/fasterxml/jackson/core/jackson-annotations/2.10.3/jackson-annotations-2.10.3.jar:/home/ywaghmare/.m2/repository/commons-io/commons-io/2.6/commons-io-2.6.jar:/home/ywaghmare/.m2/repository/org/apache/commons/commons-compress/1.21/commons-compress-1.21.jar:/home/ywaghmare/.m2/repository/com/fasterxml/jackson/core/jackson-databind/2.10.3/jackson-databind-2.10.3.jar:/home/ywaghmare/.m2/repository/com/fasterxml/jackson/core/jackson-core/2.10.3/jackson-core-2.10.3.jar:/home/ywaghmare/.m2/repository/org/bouncycastle/bcpkix-jdk18on/1.75/bcpkix-jdk18on-1.75.jar:/home/ywaghmare/.m2/repository/org/bouncycastle/bcprov-jdk18on/1.75/bcprov-jdk18on-1.75.jar:/home/ywaghmare/.m2/repository/org/bouncycastle/bcutil-jdk18on/1.75/bcutil-jdk18on-1.75.jar:/home/ywaghmare/.m2/repository/org/slf4j/jcl-over-slf4j/1.7.30/jcl-over-slf4j-1.7.30.jar:/home/ywaghmare/.m2/repository/com/github/docker-java/docker-java-transport-httpclient5/3.3.3/docker-java-transport-httpclient5-3.3.3.jar:/home/ywaghmare/.m2/repository/com/github/docker-java/docker-java-transport/3.3.3/docker-java-transport-3.3.3.jar:/home/ywaghmare/.m2/repository/net/java/dev/jna/jna/5.12.1/jna-5.12.1.jar:/home/ywaghmare/.m2/repository/org/brotli/dec/0.1.2/dec-0.1.2.jar:/home/ywaghmare/.m2/repository/org/apache/commons/commons-lang3/3.13.0/commons-lang3-3.13.0.jar:/home/ywaghmare/.m2/repository/org/apache/httpcomponents/client5/httpclient5/5.2.1/httpclient5-5.2.1.jar:/home/ywaghmare/.m2/repository/org/apache/httpcomponents/core5/httpcore5/5.2/httpcore5-5.2.jar:/home/ywaghmare/.m2/repository/org/apache/httpcomponents/core5/httpcore5-h2/5.2/httpcore5-h2-5.2.jar:/home/ywaghmare/.m2/repository/com/aventstack/extentreports/5.1.1/extentreports-5.1.1.jar:/home/ywaghmare/.m2/repository/io/reactivex/rxjava3/rxjava/3.1.6/rxjava-3.1.6.jar:/home/ywaghmare/.m2/repository/org/reactivestreams/reactive-streams/1.0.4/reactive-streams-1.0.4.jar:/home/ywaghmare/.m2/repository/org/freemarker/freemarker/2.3.32/freemarker-2.3.32.jar:/home/ywaghmare/.m2/repository/org/projectlombok/lombok/1.18.26/lombok-1.18.26.jar:/home/ywaghmare/.m2/repository/org/seleniumhq/selenium/selenium-edge-driver/4.16.1/selenium-edge-driver-4.16.1.jar:/home/ywaghmare/.m2/repository/com/google/auto/service/auto-service-annotations/1.1.1/auto-service-annotations-1.1.1.jar:/home/ywaghmare/.m2/repository/org/seleniumhq/selenium/selenium-chromium-driver/4.16.1/selenium-chromium-driver-4.16.1.jar:/home/ywaghmare/.m2/repository/org/seleniumhq/selenium/selenium-manager/4.16.1/selenium-manager-4.16.1.jar:/home/ywaghmare/.m2/repository/org/seleniumhq/selenium/selenium-chrome-driver/4.16.1/selenium-chrome-driver-4.16.1.jar:/home/ywaghmare/.m2/repository/org/seleniumhq/selenium/selenium-json/4.16.1/selenium-json-4.16.1.jar:/home/ywaghmare/.m2/repository/org/seleniumhq/selenium/selenium-api/4.16.1/selenium-api-4.16.1.jar:"/>
    <property name="sun.cpu.endian" value="little"/>
    <property name="user.home" value="/home/ywaghmare"/>
    <property name="user.language" value="en"/>
    <property name="java.specification.vendor" value="Oracle Corporation"/>
    <property name="java.version.date" value="2024-01-16"/>
    <property name="java.home" value="/usr/lib/jvm/java-11-openjdk-amd64"/>
    <property name="file.separator" value="/"/>
    <property name="basedir" value="/home/ywaghmare/att_loadtesting_ui_workingcodelocal 1 2/att_loadtesting_ui_workingcodelocal/att_loadtesting_ui_2"/>
    <property name="java.vm.compressedOopsMode" value="Zero based"/>
    <property name="line.separator" value="&#10;"/>
    <property name="java.specification.name" value="Java Platform API Specification"/>
    <property name="java.vm.specification.vendor" value="Oracle Corporation"/>
    <property name="java.awt.graphicsenv" value="sun.awt.X11GraphicsEnvironment"/>
    <property name="surefire.real.class.path" value="/home/ywaghmare/att_loadtesting_ui_workingcodelocal 1 2/att_loadtesting_ui_workingcodelocal/att_loadtesting_ui_2/target/surefire/surefirebooter17125209803015200675.jar"/>
    <property name="sun.management.compiler" value="HotSpot 64-Bit Tiered Compilers"/>
    <property name="java.runtime.version" value="11.0.22+7-post-Ubuntu-0ubuntu220.04.1"/>
    <property name="webdriver.edge.driver" value="C:\Users\dsbhombe\Downloads\msedgedriver.exe"/>
    <property name="user.name" value="ywaghmare"/>
    <property name="path.separator" value=":"/>
    <property name="os.version" value="5.15.0-102-generic"/>
    <property name="java.runtime.name" value="OpenJDK Runtime Environment"/>
    <property name="file.encoding" value="UTF-8"/>
    <property name="java.vm.name" value="OpenJDK 64-Bit Server VM"/>
    <property name="localRepository" value="/home/ywaghmare/.m2/repository"/>
    <property name="java.vendor.url.bug" value="https://bugs.launchpad.net/ubuntu/+source/openjdk-lts"/>
    <property name="java.io.tmpdir" value="/tmp"/>
    <property name="java.version" value="11.0.22"/>
    <property name="user.dir" value="/home/ywaghmare/att_loadtesting_ui_workingcodelocal 1 2/att_loadtesting_ui_workingcodelocal/att_loadtesting_ui_2"/>
    <property name="os.arch" value="amd64"/>
    <property name="java.vm.specification.name" value="Java Virtual Machine Specification"/>
    <property name="java.awt.printerjob" value="sun.print.PSPrinterJob"/>
    <property name="sun.os.patch.level" value="unknown"/>
    <property name="java.library.path" value="/usr/java/packages/lib:/usr/lib/x86_64-linux-gnu/jni:/lib/x86_64-linux-gnu:/usr/lib/x86_64-linux-gnu:/usr/lib/jni:/lib:/usr/lib"/>
    <property name="java.vm.info" value="mixed mode, sharing"/>
    <property name="java.vendor" value="Ubuntu"/>
    <property name="java.vm.version" value="11.0.22+7-post-Ubuntu-0ubuntu220.04.1"/>
    <property name="java.specification.maintenance.version" value="2"/>
    <property name="sun.io.unicode.encoding" value="UnicodeLittle"/>
    <property name="java.class.version" value="55.0"/>
  </properties>
  <testcase name="loginToATT" classname="att_Jenkins.ATT_LoadTesting" time="0.609">
    <failure message="Could not start a new session. Response code 500. Message: unknown error: no chrome binary at /opt/google/chrome/google-chrome &#10;Host info: host: &apos;XCALWS0202&apos;, ip: &apos;127.0.1.1&apos;&#10;Build info: version: &apos;4.16.1&apos;, revision: &apos;9b4c83354e&apos;&#10;System info: os.name: &apos;Linux&apos;, os.arch: &apos;amd64&apos;, os.version: &apos;5.15.0-102-generic&apos;, java.version: &apos;11.0.22&apos;&#10;Driver info: org.openqa.selenium.chrome.ChromeDriver&#10;Command: [null, newSession {capabilities=[Capabilities {browserName: chrome, goog:chromeOptions: {args: [], binary: /opt/google/chrome/google-c..., extensions: []}}]}]" type="org.openqa.selenium.SessionNotCreatedException"><![CDATA[org.openqa.selenium.SessionNotCreatedException: 
Could not start a new session. Response code 500. Message: unknown error: no chrome binary at /opt/google/chrome/google-chrome 
Host info: host: 'XCALWS0202', ip: '127.0.1.1'
Build info: version: '4.16.1', revision: '9b4c83354e'
System info: os.name: 'Linux', os.arch: 'amd64', os.version: '5.15.0-102-generic', java.version: '11.0.22'
Driver info: org.openqa.selenium.chrome.ChromeDriver
Command: [null, newSession {capabilities=[Capabilities {browserName: chrome, goog:chromeOptions: {args: [], binary: /opt/google/chrome/google-c..., extensions: []}}]}]
	at att_Jenkins.ATT_LoadTesting.loginToATT(ATT_LoadTesting.java:44)
]]></failure>
  </testcase>
  <testcase name="dockreceiving" classname="att_Jenkins.ATT_LoadTesting" time="0.007">
    <failure message="Input must be set" type="java.lang.IllegalArgumentException"><![CDATA[java.lang.IllegalArgumentException: Input must be set
	at att_Jenkins.ATT_LoadTesting.dockreceiving(ATT_LoadTesting.java:84)
]]></failure>
  </testcase>
  <testcase name="flowByrMAD" classname="att_Jenkins.ATT_LoadTesting" time="10.103">
    <failure message="Input must be set" type="java.lang.IllegalArgumentException"><![CDATA[java.lang.IllegalArgumentException: Input must be set
	at att_Jenkins.ATT_LoadTesting.buildGaylord(ATT_LoadTesting.java:117)
	at att_Jenkins.ATT_LoadTesting.buildMaterCarton_Pallet(ATT_LoadTesting.java:300)
	at att_Jenkins.ATT_LoadTesting.flowByrMAD(ATT_LoadTesting.java:154)
]]></failure>
    <system-out><![CDATA[Connected with DB for getSerialNumberList Method
sourceSerialNumber[YYQQVB908P4L9, YYQQ6U60DYSBK, YYYQHKZ6NN6SQ, XXQQTNLZ4S81H, YYQQ2FVODUUGF, WWQQ3M5G4IGM4, WWQQ633UH1UI7, YYQQ9GHTAHAP2, XXQQ6HVSL7F51, XXQQ06AB99JVC, YYYQQKTFDVAGN, YYQQRDEKMTWSG, XXQQU31HW20VP, WWQQ4S18K97ZS, ZZ4QRGZ7GNRNN, ZZ4Q6HR2HJ4OI, ZZ4Q20Z7PRBBU, YYYQR75LPOZBS, WWQQZKKCTQXR9, ZZ4QSWFRRMVRI, ZZ4QKP5UEK728, YYQQZWZTCLFMX, YYYQJW8TEEYWM, XXQQFAPINRAOK, XXQQ3LYD2YYOV, YYYQU59QI65NH, YYQQCX14E53DP, ZZ4QWMQE9XFHO, YYYQJ69WO3A1I, YYQQPQZSB7D3Z, YYQQZ5X88HD8U, XXQQ13GJ7GM20, YYQQ12E7X0KGI, YYYQJVMA4O9OT, ZZ4Q0OV0CK2OX, XXQQ1KEBCV0QD, XXQQXE47WBV7D, YYQQICSADPDD3, YYYQVJIKV8UYI, YYYQGQ94AWPP4, XXQQ1NT6E1OMG, YYYQBWWQIB9T1, YYQQ2UGVN9BYP, YYQQ3B0DZRKC2, ZZ4QQD2OQ1WIQ, XXQQ05LFV8CAT, ZZ4Q4YQVHC4OA, XXQQSGOU99RAM, ZZ4QNHMMFLR5J]model--->BGW210-700
serialnumbers[YYQQVB908P4L9, YYQQ6U60DYSBK, YYYQHKZ6NN6SQ, XXQQTNLZ4S81H, YYQQ2FVODUUGF, WWQQ3M5G4IGM4, WWQQ633UH1UI7, YYQQ9GHTAHAP2, XXQQ6HVSL7F51, XXQQ06AB99JVC, YYYQQKTFDVAGN, YYQQRDEKMTWSG, XXQQU31HW20VP, WWQQ4S18K97ZS, ZZ4QRGZ7GNRNN, ZZ4Q6HR2HJ4OI, ZZ4Q20Z7PRBBU, YYYQR75LPOZBS, WWQQZKKCTQXR9, ZZ4QSWFRRMVRI, ZZ4QKP5UEK728, YYQQZWZTCLFMX, YYYQJW8TEEYWM, XXQQFAPINRAOK, XXQQ3LYD2YYOV, YYYQU59QI65NH, YYQQCX14E53DP, ZZ4QWMQE9XFHO, YYYQJ69WO3A1I, YYQQPQZSB7D3Z, YYQQZ5X88HD8U, XXQQ13GJ7GM20, YYQQ12E7X0KGI, YYYQJVMA4O9OT, ZZ4Q0OV0CK2OX, XXQQ1KEBCV0QD, XXQQXE47WBV7D, YYQQICSADPDD3, YYYQVJIKV8UYI, YYYQGQ94AWPP4, XXQQ1NT6E1OMG, YYYQBWWQIB9T1, YYQQ2UGVN9BYP, YYQQ3B0DZRKC2, ZZ4QQD2OQ1WIQ, XXQQ05LFV8CAT, ZZ4Q4YQVHC4OA, XXQQSGOU99RAM, ZZ4QNHMMFLR5J]
Connection success for profile master
unitesPerCarton-->10 ,unitesPerPallet-->10
IN BUILD GAYLORD METHOD
]]></system-out>
  </testcase>
</testsuite>